Trippy/app/build/outputs/logs/manifest-merger-debug-report.txt
-- Merging decision tree log ---
manifest
ADDED from AndroidManifest.xml:2:1
	xmlns:android
		ADDED from AndroidManifest.xml:2:11
	package
		ADDED from AndroidManifest.xml:3:11
		INJECTED from AndroidManifest.xml:0:0
		INJECTED from AndroidManifest.xml:0:0
	android:versionName
		ADDED from AndroidManifest.xml:5:11
	android:versionCode
		ADDED from AndroidManifest.xml:4:11
		INJECTED from AndroidManifest.xml:0:0
		INJECTED from AndroidManifest.xml:0:0
uses-sdk
ADDED from AndroidManifest.xml:6:5
MERGED from com.android.support:appcompat-v7:22.2.0:20:5
MERGED from com.android.support:support-v4:22.2.0:20:5
MERGED from com.android.support:support-v4:22.2.0:20:5
MERGED from com.google.android.gms:play-services:7.5.0:18:5
MERGED from com.google.android.gms:play-services-ads:7.5.0:23:5
MERGED from com.google.android.gms:play-services-base:7.5.0:18:5
MERGED from com.android.support:support-v4:22.2.0:20:5
MERGED from com.google.android.gms:play-services-analytics:7.5.0:18:5
MERGED from com.google.android.gms:play-services-base:7.5.0:18:5
MERGED from com.android.support:support-v4:22.2.0:20:5
MERGED from com.google.android.gms:play-services-analytics:7.5.0:18:5
MERGED from com.google.android.gms:play-services-base:7.5.0:18:5
MERGED from com.android.support:support-v4:22.2.0:20:5
MERGED from com.google.android.gms:play-services-appindexing:7.5.0:18:5
MERGED from com.google.android.gms:play-services-base:7.5.0:18:5
MERGED from com.android.support:support-v4:22.2.0:20:5
MERGED from com.google.android.gms:play-services-appinvite:7.5.0:18:5
MERGED from com.google.android.gms:play-services-base:7.5.0:18:5
MERGED from com.android.support:support-v4:22.2.0:20:5
MERGED from com.google.android.gms:play-services-appstate:7.5.0:18:5
MERGED from com.google.android.gms:play-services-base:7.5.0:18:5
MERGED from com.android.support:support-v4:22.2.0:20:5
MERGED from com.google.android.gms:play-services-base:7.5.0:18:5
MERGED from com.android.support:support-v4:22.2.0:20:5
MERGED from com.google.android.gms:play-services-cast:7.5.0:18:5
MERGED from com.google.android.gms:play-services-base:7.5.0:18:5
MERGED from com.android.support:support-v4:22.2.0:20:5
MERGED from com.android.support:mediarouter-v7:22.0.0:20:5
MERGED from com.android.support:appcompat-v7:22.2.0:20:5
MERGED from com.android.support:support-v4:22.2.0:20:5
MERGED from com.google.android.gms:play-services-drive:7.5.0:18:5
MERGED from com.google.android.gms:play-services-base:7.5.0:18:5
MERGED from com.android.support:support-v4:22.2.0:20:5
MERGED from com.google.android.gms:play-services-fitness:7.5.0:18:5
MERGED from com.google.android.gms:play-services-base:7.5.0:18:5
MERGED from com.android.support:support-v4:22.2.0:20:5
MERGED from com.google.android.gms:play-services-location:7.5.0:18:5
MERGED from com.google.android.gms:play-services-base:7.5.0:18:5
MERGED from com.android.support:support-v4:22.2.0:20:5
MERGED from com.google.android.gms:play-services-maps:7.5.0:28:5
MERGED from com.google.android.gms:play-services-base:7.5.0:18:5
MERGED from com.android.support:support-v4:22.2.0:20:5
MERGED from com.google.android.gms:play-services-games:7.5.0:18:5
MERGED from com.google.android.gms:play-services-base:7.5.0:18:5
MERGED from com.android.support:support-v4:22.2.0:20:5
MERGED from com.google.android.gms:play-services-drive:7.5.0:18:5
MERGED from com.google.android.gms:play-services-base:7.5.0:18:5
MERGED from com.android.support:support-v4:22.2.0:20:5
MERGED from com.google.android.gms:play-services-gcm:7.5.0:18:5
MERGED from com.google.android.gms:play-services-base:7.5.0:18:5
MERGED from com.android.support:support-v4:22.2.0:20:5
MERGED from com.google.android.gms:play-services-identity:7.5.0:18:5
MERGED from com.google.android.gms:play-services-base:7.5.0:18:5
MERGED from com.android.support:support-v4:22.2.0:20:5
MERGED from com.google.android.gms:play-services-location:7.5.0:18:5
MERGED from com.google.android.gms:play-services-base:7.5.0:18:5
MERGED from com.android.support:support-v4:22.2.0:20:5
MERGED from com.google.android.gms:play-services-maps:7.5.0:28:5
MERGED from com.google.android.gms:play-services-base:7.5.0:18:5
MERGED from com.android.support:support-v4:22.2.0:20:5
MERGED from com.google.android.gms:play-services-maps:7.5.0:28:5
MERGED from com.google.android.gms:play-services-base:7.5.0:18:5
MERGED from com.android.support:support-v4:22.2.0:20:5
MERGED from com.google.android.gms:play-services-nearby:7.5.0:18:5
MERGED from com.google.android.gms:play-services-base:7.5.0:18:5
MERGED from com.android.support:support-v4:22.2.0:20:5
MERGED from com.google.android.gms:play-services-panorama:7.5.0:18:5
MERGED from com.google.android.gms:play-services-base:7.5.0:18:5
MERGED from com.android.support:support-v4:22.2.0:20:5
MERGED from com.google.android.gms:play-services-plus:7.5.0:18:5
MERGED from com.google.android.gms:play-services-base:7.5.0:18:5
MERGED from com.android.support:support-v4:22.2.0:20:5
MERGED from com.google.android.gms:play-services-safetynet:7.5.0:18:5
MERGED from com.google.android.gms:play-services-base:7.5.0:18:5
MERGED from com.android.support:support-v4:22.2.0:20:5
MERGED from com.google.android.gms:play-services-wallet:7.5.0:19:5
MERGED from com.google.android.gms:play-services-base:7.5.0:18:5
MERGED from com.android.support:support-v4:22.2.0:20:5
MERGED from com.google.android.gms:play-services-identity:7.5.0:18:5
MERGED from com.google.android.gms:play-services-base:7.5.0:18:5
MERGED from com.android.support:support-v4:22.2.0:20:5
MERGED from com.google.android.gms:play-services-maps:7.5.0:28:5
MERGED from com.google.android.gms:play-services-base:7.5.0:18:5
MERGED from com.android.support:support-v4:22.2.0:20:5
MERGED from com.google.android.gms:play-services-wearable:7.5.0:18:5
MERGED from com.google.android.gms:play-services-base:7.5.0:18:5
MERGED from com.android.support:support-v4:22.2.0:20:5
	android:targetSdkVersion
		ADDED from AndroidManifest.xml:7:13
		INJECTED from AndroidManifest.xml:0:0
		INJECTED from AndroidManifest.xml:0:0
	android:minSdkVersion
		ADDED from AndroidManifest.xml:6:15
		INJECTED from AndroidManifest.xml:0:0
		INJECTED from AndroidManifest.xml:0:0
permission#com.trippy.places.permission.MAPS_RECEIVE
ADDED from AndroidManifest.xml:9:5
	android:protectionLevel
		ADDED from AndroidManifest.xml:11:9
	android:name
		ADDED from AndroidManifest.xml:10:9
uses-feature#0x00020000
ADDED from AndroidManifest.xml:13:5
MERGED from com.google.android.gms:play-services-maps:7.5.0:24:5
MERGED from com.google.android.gms:play-services-maps:7.5.0:24:5
MERGED from com.google.android.gms:play-services-maps:7.5.0:24:5
MERGED from com.google.android.gms:play-services-maps:7.5.0:24:5
	android:required
		ADDED from AndroidManifest.xml:15:9
	android:glEsVersion
		ADDED from AndroidManifest.xml:14:9
uses-permission#com.trippy.places.permission.MAPS_RECEIVE
ADDED from AndroidManifest.xml:17:5
	android:name
		ADDED from AndroidManifest.xml:17:22
uses-permission#android.permission.WRITE_EXTERNAL_STORAGE
ADDED from AndroidManifest.xml:18:5
MERGED from com.google.android.gms:play-services-maps:7.5.0:22:5
MERGED from com.google.android.gms:play-services-maps:7.5.0:22:5
MERGED from com.google.android.gms:play-services-maps:7.5.0:22:5
MERGED from com.google.android.gms:play-services-maps:7.5.0:22:5
	android:name
		ADDED from AndroidManifest.xml:18:22
uses-permission#android.permission.ACCESS_COARSE_LOCATION
ADDED from AndroidManifest.xml:19:5
MERGED from com.google.android.gms:play-services-maps:7.5.0:23:5
MERGED from com.google.android.gms:play-services-maps:7.5.0:23:5
MERGED from com.google.android.gms:play-services-maps:7.5.0:23:5
MERGED from com.google.android.gms:play-services-maps:7.5.0:23:5
	android:name
		ADDED from AndroidManifest.xml:19:22
uses-permission#android.permission.ACCESS_FINE_LOCATION
ADDED from AndroidManifest.xml:20:5
	android:name
		ADDED from AndroidManifest.xml:20:22
uses-permission#android.permission.INTERNET
ADDED from AndroidManifest.xml:22:5
MERGED from com.google.android.gms:play-services-ads:7.5.0:20:5
MERGED from com.google.android.gms:play-services-analytics:7.5.0:21:5
MERGED from com.google.android.gms:play-services-analytics:7.5.0:21:5
MERGED from com.google.android.gms:play-services-appinvite:7.5.0:19:5
MERGED from com.google.android.gms:play-services-maps:7.5.0:21:5
MERGED from com.google.android.gms:play-services-maps:7.5.0:21:5
MERGED from com.google.android.gms:play-services-maps:7.5.0:21:5
MERGED from com.google.android.gms:play-services-wallet:7.5.0:20:5
MERGED from com.google.android.gms:play-services-maps:7.5.0:21:5
	android:name
		ADDED from AndroidManifest.xml:22:22
uses-permission#android.permission.ACCESS_NETWORK_STATE
ADDED from AndroidManifest.xml:23:5
MERGED from com.google.android.gms:play-services-ads:7.5.0:21:5
MERGED from com.google.android.gms:play-services-analytics:7.5.0:22:5
MERGED from com.google.android.gms:play-services-analytics:7.5.0:22:5
MERGED from com.google.android.gms:play-services-maps:7.5.0:20:5
MERGED from com.google.android.gms:play-services-maps:7.5.0:20:5
MERGED from com.google.android.gms:play-services-maps:7.5.0:20:5
MERGED from com.google.android.gms:play-services-nearby:7.5.0:19:5
MERGED from com.google.android.gms:play-services-maps:7.5.0:20:5
	android:name
		ADDED from AndroidManifest.xml:23:22
application
ADDED from AndroidManifest.xml:25:5
MERGED from com.android.support:appcompat-v7:22.2.0:22:5
MERGED from com.android.support:support-v4:22.2.0:22:5
MERGED from com.android.support:support-v4:22.2.0:22:5
MERGED from com.google.android.gms:play-services:7.5.0:19:5
MERGED from com.google.android.gms:play-services-ads:7.5.0:24:5
MERGED from com.google.android.gms:play-services-base:7.5.0:20:5
MERGED from com.android.support:support-v4:22.2.0:22:5
MERGED from com.google.android.gms:play-services-analytics:7.5.0:24:5
MERGED from com.google.android.gms:play-services-base:7.5.0:20:5
MERGED from com.android.support:support-v4:22.2.0:22:5
MERGED from com.google.android.gms:play-services-analytics:7.5.0:24:5
MERGED from com.google.android.gms:play-services-base:7.5.0:20:5
MERGED from com.android.support:support-v4:22.2.0:22:5
MERGED from com.google.android.gms:play-services-appindexing:7.5.0:19:5
MERGED from com.google.android.gms:play-services-base:7.5.0:20:5
MERGED from com.android.support:support-v4:22.2.0:22:5
MERGED from com.google.android.gms:play-services-appinvite:7.5.0:20:5
MERGED from com.google.android.gms:play-services-base:7.5.0:20:5
MERGED from com.android.support:support-v4:22.2.0:22:5
MERGED from com.google.android.gms:play-services-appstate:7.5.0:19:5
MERGED from com.google.android.gms:play-services-base:7.5.0:20:5
MERGED from com.android.support:support-v4:22.2.0:22:5
MERGED from com.google.android.gms:play-services-base:7.5.0:20:5
MERGED from com.android.support:support-v4:22.2.0:22:5
MERGED from com.google.android.gms:play-services-cast:7.5.0:19:5
MERGED from com.google.android.gms:play-services-base:7.5.0:20:5
MERGED from com.android.support:support-v4:22.2.0:22:5
MERGED from com.android.support:mediarouter-v7:22.0.0:22:5
MERGED from com.android.support:appcompat-v7:22.2.0:22:5
MERGED from com.android.support:support-v4:22.2.0:22:5
MERGED from com.google.android.gms:play-services-drive:7.5.0:19:5
MERGED from com.google.android.gms:play-services-base:7.5.0:20:5
MERGED from com.android.support:support-v4:22.2.0:22:5
MERGED from com.google.android.gms:play-services-fitness:7.5.0:19:5
MERGED from com.google.android.gms:play-services-base:7.5.0:20:5
MERGED from com.android.support:support-v4:22.2.0:22:5
MERGED from com.google.android.gms:play-services-location:7.5.0:19:5
MERGED from com.google.android.gms:play-services-base:7.5.0:20:5
MERGED from com.android.support:support-v4:22.2.0:22:5
MERGED from com.google.android.gms:play-services-maps:7.5.0:29:5
MERGED from com.google.android.gms:play-services-base:7.5.0:20:5
MERGED from com.android.support:support-v4:22.2.0:22:5
MERGED from com.google.android.gms:play-services-games:7.5.0:19:5
MERGED from com.google.android.gms:play-services-base:7.5.0:20:5
MERGED from com.android.support:support-v4:22.2.0:22:5
MERGED from com.google.android.gms:play-services-drive:7.5.0:19:5
MERGED from com.google.android.gms:play-services-base:7.5.0:20:5
MERGED from com.android.support:support-v4:22.2.0:22:5
MERGED from com.google.android.gms:play-services-gcm:7.5.0:19:5
MERGED from com.google.android.gms:play-services-base:7.5.0:20:5
MERGED from com.android.support:support-v4:22.2.0:22:5
MERGED from com.google.android.gms:play-services-identity:7.5.0:19:5
MERGED from com.google.android.gms:play-services-base:7.5.0:20:5
MERGED from com.android.support:support-v4:22.2.0:22:5
MERGED from com.google.android.gms:play-services-location:7.5.0:19:5
MERGED from com.google.android.gms:play-services-base:7.5.0:20:5
MERGED from com.android.support:support-v4:22.2.0:22:5
MERGED from com.google.android.gms:play-services-maps:7.5.0:29:5
MERGED from com.google.android.gms:play-services-base:7.5.0:20:5
MERGED from com.android.support:support-v4:22.2.0:22:5
MERGED from com.google.android.gms:play-services-maps:7.5.0:29:5
MERGED from com.google.android.gms:play-services-base:7.5.0:20:5
MERGED from com.android.support:support-v4:22.2.0:22:5
MERGED from com.google.android.gms:play-services-nearby:7.5.0:20:5
MERGED from com.google.android.gms:play-services-base:7.5.0:20:5
MERGED from com.android.support:support-v4:22.2.0:22:5
MERGED from com.google.android.gms:play-services-panorama:7.5.0:19:5
MERGED from com.google.android.gms:play-services-base:7.5.0:20:5
MERGED from com.android.support:support-v4:22.2.0:22:5
MERGED from com.google.android.gms:play-services-plus:7.5.0:19:5
MERGED from com.google.android.gms:play-services-base:7.5.0:20:5
MERGED from com.android.support:support-v4:22.2.0:22:5
MERGED from com.google.android.gms:play-services-safetynet:7.5.0:19:5
MERGED from com.google.android.gms:play-services-base:7.5.0:20:5
MERGED from com.android.support:support-v4:22.2.0:22:5
MERGED from com.google.android.gms:play-services-wallet:7.5.0:24:5
MERGED from com.google.android.gms:play-services-base:7.5.0:20:5
MERGED from com.android.support:support-v4:22.2.0:22:5
MERGED from com.google.android.gms:play-services-identity:7.5.0:19:5
MERGED from com.google.android.gms:play-services-base:7.5.0:20:5
MERGED from com.android.support:support-v4:22.2.0:22:5
MERGED from com.google.android.gms:play-services-maps:7.5.0:29:5
MERGED from com.google.android.gms:play-services-base:7.5.0:20:5
MERGED from com.android.support:support-v4:22.2.0:22:5
MERGED from com.google.android.gms:play-services-wearable:7.5.0:19:5
MERGED from com.google.android.gms:play-services-base:7.5.0:20:5
MERGED from com.android.support:support-v4:22.2.0:22:5
	android:label
		ADDED from AndroidManifest.xml:25:18
	android:icon
		ADDED from AndroidManifest.xml:25:51
activity#com.trippy.Login
ADDED from AndroidManifest.xml:27:9
	android:label
		ADDED from AndroidManifest.xml:28:19
	android:name
		ADDED from AndroidManifest.xml:27:19
intent-filter#android.intent.action.MAIN+android.intent.category.LAUNCHER
ADDED from AndroidManifest.xml:29:13
action#android.intent.action.MAIN
ADDED from AndroidManifest.xml:30:17
	android:name
		ADDED from AndroidManifest.xml:30:25
category#android.intent.category.LAUNCHER
ADDED from AndroidManifest.xml:31:17
	android:name
		ADDED from AndroidManifest.xml:31:27
activity#com.trippy.Register
ADDED from AndroidManifest.xml:34:9
	android:label
		ADDED from AndroidManifest.xml:35:19
	android:name
		ADDED from AndroidManifest.xml:34:19
activity#com.trippy.Registered
ADDED from AndroidManifest.xml:39:9
	android:label
		ADDED from AndroidManifest.xml:40:19
	android:name
		ADDED from AndroidManifest.xml:39:19
activity#com.trippy.Main
ADDED from AndroidManifest.xml:45:9
	android:label
		ADDED from AndroidManifest.xml:46:19
	android:name
		ADDED from AndroidManifest.xml:45:19
activity#com.trippy.PasswordReset
ADDED from AndroidManifest.xml:50:9
	android:label
		ADDED from AndroidManifest.xml:51:19
	android:name
		ADDED from AndroidManifest.xml:50:19
activity#com.trippy.ChangePassword
ADDED from AndroidManifest.xml:54:9
	android:label
		ADDED from AndroidManifest.xml:55:19
	android:name
		ADDED from AndroidManifest.xml:54:19
activity#com.trippy.rating.AppRating
ADDED from AndroidManifest.xml:59:9
	android:label
		ADDED from AndroidManifest.xml:61:13
	android:name
		ADDED from AndroidManifest.xml:60:13
activity#com.trippy.places.MainActivity
ADDED from AndroidManifest.xml:64:9
	android:label
		ADDED from AndroidManifest.xml:66:13
	android:name
		ADDED from AndroidManifest.xml:65:13
activity#com.trippy.comments.MainActivity
ADDED from AndroidManifest.xml:74:9
	android:label
		ADDED from AndroidManifest.xml:76:13
	android:name
		ADDED from AndroidManifest.xml:75:13
activity#com.trippy.comments.MainScreenActivity
ADDED from AndroidManifest.xml:79:9
	android:label
		ADDED from AndroidManifest.xml:81:13
	android:name
		ADDED from AndroidManifest.xml:80:13
activity#com.trippy.comments.AddComment
ADDED from AndroidManifest.xml:84:9
	android:label
		ADDED from AndroidManifest.xml:86:13
	android:name
		ADDED from AndroidManifest.xml:85:13
meta-data#com.google.android.maps.v2.API_KEY
ADDED from AndroidManifest.xml:89:9
	android:name
		ADDED from AndroidManifest.xml:90:13
	android:value
		ADDED from AndroidManifest.xml:91:13
activity#com.google.android.gms.ads.AdActivity
ADDED from com.google.android.gms:play-services-ads:7.5.0:26:9
	android:configChanges
		ADDED from com.google.android.gms:play-services-ads:7.5.0:28:13
	android:theme
		ADDED from com.google.android.gms:play-services-ads:7.5.0:29:13
	android:name
		ADDED from com.google.android.gms:play-services-ads:7.5.0:27:13
activity#com.google.android.gms.ads.purchase.InAppPurchaseActivity
ADDED from com.google.android.gms:play-services-ads:7.5.0:30:9
	android:theme
		ADDED from com.google.android.gms:play-services-ads:7.5.0:31:13
	android:name
		ADDED from com.google.android.gms:play-services-ads:7.5.0:30:19
meta-data#com.google.android.gms.version
ADDED from com.google.android.gms:play-services-base:7.5.0:21:9
MERGED from com.google.android.gms:play-services-base:7.5.0:21:9
MERGED from com.google.android.gms:play-services-base:7.5.0:21:9
MERGED from com.google.android.gms:play-services-base:7.5.0:21:9
MERGED from com.google.android.gms:play-services-base:7.5.0:21:9
MERGED from com.google.android.gms:play-services-base:7.5.0:21:9
MERGED from com.google.android.gms:play-services-base:7.5.0:21:9
MERGED from com.google.android.gms:play-services-base:7.5.0:21:9
MERGED from com.google.android.gms:play-services-base:7.5.0:21:9
MERGED from com.google.android.gms:play-services-base:7.5.0:21:9
MERGED from com.google.android.gms:play-services-base:7.5.0:21:9
MERGED from com.google.android.gms:play-services-base:7.5.0:21:9
MERGED from com.google.android.gms:play-services-base:7.5.0:21:9
MERGED from com.google.android.gms:play-services-base:7.5.0:21:9
MERGED from com.google.android.gms:play-services-base:7.5.0:21:9
MERGED from com.google.android.gms:play-services-base:7.5.0:21:9
MERGED from com.google.android.gms:play-services-base:7.5.0:21:9
MERGED from com.google.android.gms:play-services-base:7.5.0:21:9
MERGED from com.google.android.gms:play-services-base:7.5.0:21:9
MERGED from com.google.android.gms:play-services-base:7.5.0:21:9
MERGED from com.google.android.gms:play-services-base:7.5.0:21:9
MERGED from com.google.android.gms:play-services-base:7.5.0:21:9
MERGED from com.google.android.gms:play-services-base:7.5.0:21:9
MERGED from com.google.android.gms:play-services-base:7.5.0:21:9
MERGED from com.google.android.gms:play-services-base:7.5.0:21:9
MERGED from com.google.android.gms:play-services-base:7.5.0:21:9
MERGED from com.google.android.gms:play-services-base:7.5.0:21:9
	android:name
		ADDED from com.google.android.gms:play-services-base:7.5.0:22:13
	android:value
		ADDED from com.google.android.gms:play-services-base:7.5.0:23:13
android:uses-permission#android.permission.READ_EXTERNAL_STORAGE
IMPLIED from AndroidManifest.xml:2:1 reason: com.google.android.gms.maps requested WRITE_EXTERNAL_STORAGE
uses-permission#android.permission.GET_ACCOUNTS
ADDED from com.google.android.gms:play-services-wallet:7.5.0:21:5
	android:name
		ADDED from com.google.android.gms:play-services-wallet:7.5.0:21:22
uses-permission#android.permission.USE_CREDENTIALS
ADDED from com.google.android.gms:play-services-wallet:7.5.0:22:5
	android:name
		ADDED from com.google.android.gms:play-services-wallet:7.5.0:22:22
meta-data#com.google.android.gms.wallet.api.enabled
ADDED from com.google.android.gms:play-services-wallet:7.5.0:25:9
	android:name
		ADDED from com.google.android.gms:play-services-wallet:7.5.0:26:13
	android:value
		ADDED from com.google.android.gms:play-services-wallet:7.5.0:27:13
receiver#com.google.android.gms.wallet.EnableWalletOptimizationReceiver
ADDED from com.google.android.gms:play-services-wallet:7.5.0:28:9
	android:exported
		ADDED from com.google.android.gms:play-services-wallet:7.5.0:30:13
	android:name
		ADDED from com.google.android.gms:play-services-wallet:7.5.0:29:13
intent-filter#com.google.android.gms.wallet.ENABLE_WALLET_OPTIMIZATION
ADDED from com.google.android.gms:play-services-wallet:7.5.0:31:13
action#com.google.android.gms.wallet.ENABLE_WALLET_OPTIMIZATION
ADDED from com.google.android.gms:play-services-wallet:7.5.0:32:17
	android:name
		ADDED from com.google.android.gms:play-services-wallet:7.5.0:32:25